
Gurobi 10.0.1 (mac64[x86]) logging started Di 27 Jun 21:03:54 2023

Set parameter LogFile to value "gurobi.log"

Gurobi 10.0.1 (mac64[x86]) logging started Di 27 Jun 21:03:55 2023

Set parameter LogFile to value "gurobi.log"
Gurobi Optimizer version 10.0.1 build v10.0.1rc0 (mac64[x86])

CPU model: Intel(R) Core(TM) i5-1038NG7 CPU @ 2.00GHz
Thread count: 4 physical cores, 8 logical processors, using up to 8 threads

Academic license - for non-commercial use only - registered to joel.steiner@unifr.ch
Optimize a model with 41 rows, 2274 columns and 17232 nonzeros
Model fingerprint: 0x5bc7dec3
Coefficient statistics:
  Matrix range     [1e+00, 1e+00]
  Objective range  [2e+01, 2e+03]
  Bounds range     [1e+00, 1e+00]
  RHS range        [1e+00, 1e+00]
Presolve removed 2 rows and 0 columns
Presolve time: 0.01s
Presolved: 39 rows, 2274 columns, 16722 nonzeros

Iteration    Objective       Primal Inf.    Dual Inf.      Time
       0    1.1800000e+02   2.100000e+01   0.000000e+00      0s
      81    1.7260000e+03   0.000000e+00   0.000000e+00      0s

Solved in 81 iterations and 0.01 seconds (0.01 work units)
Optimal objective  1.726000000e+03

User-callback calls 140, time in user-callback 0.00 sec
Set parameter Method to value 2
Gurobi Optimizer version 10.0.1 build v10.0.1rc0 (mac64[x86])

CPU model: Intel(R) Core(TM) i5-1038NG7 CPU @ 2.00GHz
Thread count: 4 physical cores, 8 logical processors, using up to 8 threads

Academic license - for non-commercial use only - registered to joel.steiner@unifr.ch
Optimize a model with 41 rows, 2361 columns and 17987 nonzeros
Coefficient statistics:
  Matrix range     [1e+00, 1e+00]
  Objective range  [2e+01, 2e+03]
  Bounds range     [1e+00, 1e+00]
  RHS range        [1e+00, 1e+00]
LP warm-start: discard basis
Presolve removed 2 rows and 0 columns
Presolve time: 0.01s
Presolved: 39 rows, 2361 columns, 17463 nonzeros

Ordering time: 0.00s

Barrier statistics:
 AA' NZ     : 6.830e+02
 Factor NZ  : 7.800e+02 (roughly 1 MB of memory)
 Factor Ops : 2.054e+04 (less than 1 second per iteration)
 Threads    : 1

                  Objective                Residual
Iter       Primal          Dual         Primal    Dual     Compl     Time
   0   1.79174689e+05  0.00000000e+00  9.86e+01 0.00e+00  1.94e-01     0s
   1   2.81057798e+04 -5.49798880e+02  1.32e+01 2.37e-01  2.83e-02     0s
   2   2.85841902e+03 -2.54477322e+01  1.12e-01 4.09e-02  2.43e-03     0s
   3   2.31135031e+03  1.45225818e+03  6.92e-03 1.12e-02  7.14e-04     0s
   4   1.90144434e+03  1.46958149e+03  8.83e-04 7.07e-03  3.61e-04     0s
   5   1.69909425e+03  1.51958204e+03  7.02e-05 2.96e-04  1.49e-04     0s
   6   1.65536571e+03  1.59345248e+03  2.68e-05 5.02e-05  5.12e-05     0s
   7   1.61357072e+03  1.60125410e+03  1.29e-06 2.40e-05  1.02e-05     0s
   8   1.60291636e+03  1.59954208e+03  7.36e-08 2.66e-15  2.79e-06     0s
   9   1.60251272e+03  1.60249991e+03  1.95e-10 2.66e-15  1.06e-08     0s
  10   1.60250000e+03  1.60250000e+03  6.66e-14 1.78e-15  1.55e-14     0s

Barrier solved model in 10 iterations and 0.02 seconds (0.02 work units)
Optimal objective 1.60250000e+03

Crossover log...

      30 DPushes remaining with DInf 0.0000000e+00                 0s
       0 DPushes remaining with DInf 0.0000000e+00                 0s

       0 PPushes remaining with PInf 0.0000000e+00                 0s

  Push phase complete: Pinf 0.0000000e+00, Dinf 6.9388939e-15      0s

      33    1.6025000e+03   0.000000e+00   0.000000e+00      0s

Solved in 33 iterations and 0.02 seconds (0.02 work units)
Optimal objective  1.602500000e+03

User-callback calls 132, time in user-callback 0.00 sec
Gurobi Optimizer version 10.0.1 build v10.0.1rc0 (mac64[x86])

CPU model: Intel(R) Core(TM) i5-1038NG7 CPU @ 2.00GHz
Thread count: 4 physical cores, 8 logical processors, using up to 8 threads

Academic license - for non-commercial use only - registered to joel.steiner@unifr.ch
Optimize a model with 41 rows, 2446 columns and 18583 nonzeros
Coefficient statistics:
  Matrix range     [1e+00, 1e+00]
  Objective range  [2e+01, 2e+03]
  Bounds range     [1e+00, 1e+00]
  RHS range        [1e+00, 1e+00]
LP warm-start: discard basis
Presolve removed 2 rows and 0 columns
Presolve time: 0.01s
Presolved: 39 rows, 2446 columns, 18092 nonzeros

Ordering time: 0.00s

Barrier statistics:
 AA' NZ     : 6.900e+02
 Factor NZ  : 7.800e+02 (roughly 1 MB of memory)
 Factor Ops : 2.054e+04 (less than 1 second per iteration)
 Threads    : 1

                  Objective                Residual
Iter       Primal          Dual         Primal    Dual     Compl     Time
   0   1.82573149e+05  0.00000000e+00  1.02e+02 0.00e+00  1.91e-01     0s
   1   3.12318126e+04 -5.67151221e+02  1.53e+01 2.84e-01  3.06e-02     0s
   2   2.85517121e+03 -2.26323078e+00  1.51e-01 4.15e-02  2.33e-03     0s
   3   2.13086632e+03  1.41306159e+03  1.18e-03 1.02e-02  5.81e-04     0s
   4   1.77762569e+03  1.48333200e+03  6.97e-05 3.50e-03  2.38e-04     0s
   5   1.62278325e+03  1.53175015e+03  3.42e-06 1.39e-03  7.35e-05     0s
   6   1.58264284e+03  1.53978676e+03  1.45e-06 1.78e-15  3.42e-05     0s
   7   1.56000504e+03  1.55488751e+03  2.06e-07 1.78e-15  4.09e-06     0s
   8   1.55500102e+03  1.55499955e+03  4.62e-11 1.78e-15  1.18e-09     0s
   9   1.55500000e+03  1.55500000e+03  6.31e-13 3.55e-15  3.11e-15     0s

Barrier solved model in 9 iterations and 0.02 seconds (0.02 work units)
Optimal objective 1.55500000e+03

Crossover log...

      31 DPushes remaining with DInf 0.0000000e+00                 0s
       0 DPushes remaining with DInf 0.0000000e+00                 0s

       0 PPushes remaining with PInf 0.0000000e+00                 0s

  Push phase complete: Pinf 0.0000000e+00, Dinf 4.1078252e-15      0s

      34    1.5550000e+03   0.000000e+00   0.000000e+00      0s

Solved in 34 iterations and 0.02 seconds (0.02 work units)
Optimal objective  1.555000000e+03

User-callback calls 131, time in user-callback 0.00 sec
Gurobi Optimizer version 10.0.1 build v10.0.1rc0 (mac64[x86])

CPU model: Intel(R) Core(TM) i5-1038NG7 CPU @ 2.00GHz
Thread count: 4 physical cores, 8 logical processors, using up to 8 threads

Academic license - for non-commercial use only - registered to joel.steiner@unifr.ch
Optimize a model with 41 rows, 2569 columns and 19358 nonzeros
Coefficient statistics:
  Matrix range     [1e+00, 1e+00]
  Objective range  [1e+01, 2e+03]
  Bounds range     [1e+00, 1e+00]
  RHS range        [1e+00, 1e+00]
LP warm-start: discard basis
Presolve removed 2 rows and 0 columns
Presolve time: 0.01s
Presolved: 39 rows, 2569 columns, 18776 nonzeros

Ordering time: 0.00s

Barrier statistics:
 AA' NZ     : 6.870e+02
 Factor NZ  : 7.800e+02 (roughly 1 MB of memory)
 Factor Ops : 2.054e+04 (less than 1 second per iteration)
 Threads    : 1

                  Objective                Residual
Iter       Primal          Dual         Primal    Dual     Compl     Time
   0   1.87625271e+05  0.00000000e+00  1.07e+02 0.00e+00  1.88e-01     0s
   1   3.07139249e+04 -5.52461049e+02  1.56e+01 2.97e-01  2.90e-02     0s
   2   2.96609602e+03 -6.36110124e+01  3.22e-01 4.72e-02  2.38e-03     0s
   3   2.11710759e+03  1.25069347e+03  2.77e-02 1.22e-02  6.53e-04     0s
   4   1.73756205e+03  1.28705059e+03  6.48e-03 7.92e-03  3.45e-04     0s
   5   1.49854538e+03  1.35277855e+03  1.91e-04 3.87e-03  1.14e-04     0s
   6   1.44318961e+03  1.38090593e+03  8.25e-05 2.91e-04  4.75e-05     0s
   7   1.41252680e+03  1.38790793e+03  2.83e-05 1.59e-04  1.88e-05     0s
   8   1.39647621e+03  1.39043455e+03  5.64e-06 6.53e-05  4.64e-06     0s
   9   1.39139016e+03  1.39091245e+03  4.96e-08 1.45e-05  3.75e-07     0s
  10   1.39100149e+03  1.39099845e+03  2.45e-11 5.52e-09  2.32e-09     0s
  11   1.39100025e+03  1.39099994e+03  5.35e-09 2.15e-10  2.36e-10     0s
  12   1.39100000e+03  1.39100000e+03  4.21e-12 1.78e-15  6.69e-16     0s

Barrier solved model in 12 iterations and 0.02 seconds (0.02 work units)
Optimal objective 1.39100000e+03

Crossover log...

      28 DPushes remaining with DInf 0.0000000e+00                 0s
       0 DPushes remaining with DInf 0.0000000e+00                 0s

       0 PPushes remaining with PInf 0.0000000e+00                 0s

  Push phase complete: Pinf 0.0000000e+00, Dinf 2.9698466e-15      0s

      31    1.3910000e+03   0.000000e+00   0.000000e+00      0s

Solved in 31 iterations and 0.02 seconds (0.02 work units)
Optimal objective  1.391000000e+03

User-callback calls 134, time in user-callback 0.00 sec
Gurobi Optimizer version 10.0.1 build v10.0.1rc0 (mac64[x86])

CPU model: Intel(R) Core(TM) i5-1038NG7 CPU @ 2.00GHz
Thread count: 4 physical cores, 8 logical processors, using up to 8 threads

Academic license - for non-commercial use only - registered to joel.steiner@unifr.ch
Optimize a model with 41 rows, 2598 columns and 19590 nonzeros
Coefficient statistics:
  Matrix range     [1e+00, 1e+00]
  Objective range  [1e+01, 2e+03]
  Bounds range     [1e+00, 1e+00]
  RHS range        [1e+00, 1e+00]
LP warm-start: discard basis
Presolve removed 2 rows and 0 columns
Presolve time: 0.01s
Presolved: 39 rows, 2598 columns, 19040 nonzeros

Ordering time: 0.00s

Barrier statistics:
 AA' NZ     : 6.910e+02
 Factor NZ  : 7.800e+02 (roughly 1 MB of memory)
 Factor Ops : 2.054e+04 (less than 1 second per iteration)
 Threads    : 1

                  Objective                Residual
Iter       Primal          Dual         Primal    Dual     Compl     Time
   0   1.89191746e+05  0.00000000e+00  1.07e+02 0.00e+00  1.88e-01     0s
   1   3.09560947e+04 -5.51196653e+02  1.56e+01 2.96e-01  2.90e-02     0s
   2   2.91187553e+03 -7.59664975e+01  3.07e-01 4.47e-02  2.32e-03     0s
   3   1.99654611e+03  1.22785515e+03  3.17e-02 1.12e-02  5.69e-04     0s
   4   1.52068124e+03  1.34427633e+03  3.66e-04 3.46e-03  1.36e-04     0s
   5   1.36782259e+03  1.32602593e+03  5.06e-06 2.66e-15  3.14e-05     0s
   6   1.35894851e+03  1.35692569e+03  9.95e-08 1.78e-15  1.52e-06     0s
   7   1.35700037e+03  1.35699920e+03  8.08e-12 2.66e-15  8.81e-10     0s
   8   1.35700000e+03  1.35700000e+03  9.41e-13 1.78e-15  4.76e-15     0s

Barrier solved model in 8 iterations and 0.02 seconds (0.02 work units)
Optimal objective 1.35700000e+03

Crossover log...

      36 DPushes remaining with DInf 0.0000000e+00                 0s
       0 DPushes remaining with DInf 0.0000000e+00                 0s

       0 PPushes remaining with PInf 0.0000000e+00                 0s

  Push phase complete: Pinf 0.0000000e+00, Dinf 1.1102230e-16      0s

      39    1.3570000e+03   0.000000e+00   0.000000e+00      0s

Solved in 39 iterations and 0.03 seconds (0.02 work units)
Optimal objective  1.357000000e+03

User-callback calls 135, time in user-callback 0.00 sec
Gurobi Optimizer version 10.0.1 build v10.0.1rc0 (mac64[x86])

CPU model: Intel(R) Core(TM) i5-1038NG7 CPU @ 2.00GHz
Thread count: 4 physical cores, 8 logical processors, using up to 8 threads

Academic license - for non-commercial use only - registered to joel.steiner@unifr.ch
Optimize a model with 41 rows, 2656 columns and 20086 nonzeros
Coefficient statistics:
  Matrix range     [1e+00, 1e+00]
  Objective range  [1e+01, 2e+03]
  Bounds range     [1e+00, 1e+00]
  RHS range        [1e+00, 1e+00]
LP warm-start: discard basis
Presolve removed 2 rows and 0 columns
Presolve time: 0.01s
Presolved: 39 rows, 2656 columns, 19561 nonzeros

Ordering time: 0.00s

Barrier statistics:
 AA' NZ     : 6.900e+02
 Factor NZ  : 7.800e+02 (roughly 1 MB of memory)
 Factor Ops : 2.054e+04 (less than 1 second per iteration)
 Threads    : 1

                  Objective                Residual
Iter       Primal          Dual         Primal    Dual     Compl     Time
   0   1.91638589e+05  0.00000000e+00  1.09e+02 0.00e+00  1.87e-01     0s
   1   3.19676846e+04 -5.44478305e+02  1.62e+01 2.83e-01  2.93e-02     0s
   2   2.83016452e+03 -8.12469011e+01  2.70e-01 3.84e-02  2.21e-03     0s
   3   2.00423067e+03  1.21743160e+03  4.06e-02 9.21e-03  5.63e-04     0s
   4   1.49004559e+03  1.32709879e+03  3.59e-04 2.48e-03  1.22e-04     0s
   5   1.35943628e+03  1.33510584e+03  1.19e-05 7.61e-04  1.85e-05     0s
   6   1.34982173e+03  1.34743038e+03  8.66e-07 4.73e-05  1.80e-06     0s
   7   1.34806993e+03  1.34797297e+03  2.52e-09 3.39e-06  7.42e-08     0s
   8   1.34800001e+03  1.34799992e+03  1.76e-12 1.78e-15  6.58e-11     0s
   9   1.34800000e+03  1.34800000e+03  3.01e-13 1.78e-15  3.63e-16     0s

Barrier solved model in 9 iterations and 0.02 seconds (0.02 work units)
Optimal objective 1.34800000e+03

Crossover log...

      31 DPushes remaining with DInf 0.0000000e+00                 0s
       0 DPushes remaining with DInf 0.0000000e+00                 0s

       0 PPushes remaining with PInf 0.0000000e+00                 0s

  Push phase complete: Pinf 0.0000000e+00, Dinf 0.0000000e+00      0s

      34    1.3480000e+03   0.000000e+00   0.000000e+00      0s

Solved in 34 iterations and 0.02 seconds (0.02 work units)
Optimal objective  1.348000000e+03

User-callback calls 131, time in user-callback 0.00 sec
Gurobi Optimizer version 10.0.1 build v10.0.1rc0 (mac64[x86])

CPU model: Intel(R) Core(TM) i5-1038NG7 CPU @ 2.00GHz
Thread count: 4 physical cores, 8 logical processors, using up to 8 threads

Academic license - for non-commercial use only - registered to joel.steiner@unifr.ch
Optimize a model with 41 rows, 2732 columns and 20718 nonzeros
Coefficient statistics:
  Matrix range     [1e+00, 1e+00]
  Objective range  [1e+01, 2e+03]
  Bounds range     [1e+00, 1e+00]
  RHS range        [1e+00, 1e+00]
LP warm-start: discard basis
Presolve removed 2 rows and 0 columns
Presolve time: 0.01s
Presolved: 39 rows, 2732 columns, 20070 nonzeros

Ordering time: 0.00s

Barrier statistics:
 AA' NZ     : 6.870e+02
 Factor NZ  : 7.800e+02 (roughly 1 MB of memory)
 Factor Ops : 2.054e+04 (less than 1 second per iteration)
 Threads    : 1

                  Objective                Residual
Iter       Primal          Dual         Primal    Dual     Compl     Time
   0   1.94951557e+05  0.00000000e+00  1.14e+02 0.00e+00  1.85e-01     0s
   1   3.22902561e+04 -5.37203001e+02  1.69e+01 2.70e-01  2.88e-02     0s
   2   2.90368890e+03 -8.17364682e+01  3.22e-01 3.62e-02  2.20e-03     0s
   3   1.98897655e+03  1.26713771e+03  3.84e-02 6.49e-03  4.99e-04     0s
   4   1.56354992e+03  1.27585650e+03  4.64e-03 4.58e-03  2.07e-04     0s
   5   1.40943235e+03  1.32666402e+03  7.54e-04 1.15e-03  5.97e-05     0s
   6   1.36162214e+03  1.34038712e+03  1.09e-04 2.58e-04  1.53e-05     0s
   7   1.35212370e+03  1.34706416e+03  2.69e-05 5.59e-05  3.65e-06     0s
   8   1.34805615e+03  1.34799709e+03  1.46e-07 1.92e-06  4.38e-08     0s
   9   1.34800000e+03  1.34800000e+03  3.04e-12 1.78e-15  3.75e-12     0s

Barrier solved model in 9 iterations and 0.02 seconds (0.02 work units)
Optimal objective 1.34800000e+03

Crossover log...

      30 DPushes remaining with DInf 0.0000000e+00                 0s
       0 DPushes remaining with DInf 0.0000000e+00                 0s

       0 PPushes remaining with PInf 0.0000000e+00                 0s

  Push phase complete: Pinf 0.0000000e+00, Dinf 4.1910919e-15      0s

      32    1.3480000e+03   0.000000e+00   0.000000e+00      0s

Solved in 32 iterations and 0.02 seconds (0.02 work units)
Optimal objective  1.348000000e+03

User-callback calls 130, time in user-callback 0.00 sec
Gurobi Optimizer version 10.0.1 build v10.0.1rc0 (mac64[x86])

CPU model: Intel(R) Core(TM) i5-1038NG7 CPU @ 2.00GHz
Thread count: 4 physical cores, 8 logical processors, using up to 8 threads

Academic license - for non-commercial use only - registered to joel.steiner@unifr.ch
Optimize a model with 41 rows, 2749 columns and 20847 nonzeros
Coefficient statistics:
  Matrix range     [1e+00, 1e+00]
  Objective range  [1e+01, 2e+03]
  Bounds range     [1e+00, 1e+00]
  RHS range        [1e+00, 1e+00]
LP warm-start: discard basis
Presolve removed 2 rows and 0 columns
Presolve time: 0.01s
Presolved: 39 rows, 2749 columns, 20277 nonzeros

Ordering time: 0.00s

Barrier statistics:
 AA' NZ     : 6.880e+02
 Factor NZ  : 7.800e+02 (roughly 1 MB of memory)
 Factor Ops : 2.054e+04 (less than 1 second per iteration)
 Threads    : 1

                  Objective                Residual
Iter       Primal          Dual         Primal    Dual     Compl     Time
   0   1.95636719e+05  0.00000000e+00  1.16e+02 0.00e+00  1.85e-01     0s
   1   3.25790239e+04 -5.32698104e+02  1.72e+01 2.65e-01  2.89e-02     0s
   2   2.89539075e+03 -7.96746208e+01  3.21e-01 3.51e-02  2.18e-03     0s
   3   1.98564073e+03  1.26640957e+03  3.81e-02 6.53e-03  4.95e-04     0s
   4   1.57144256e+03  1.27490342e+03  5.50e-03 4.69e-03  2.11e-04     0s
   5   1.41135368e+03  1.32648223e+03  6.83e-04 1.26e-03  6.10e-05     0s
   6   1.35853024e+03  1.33726164e+03  6.11e-05 4.95e-04  1.55e-05     0s
   7   1.34801103e+03  1.34574955e+03  5.12e-06 4.84e-05  1.64e-06     0s
   8   1.34652871e+03  1.34649755e+03  3.76e-08 7.56e-07  2.27e-08     0s
   9   1.34650000e+03  1.34650000e+03  7.42e-13 1.78e-15  2.39e-13     0s

Barrier solved model in 9 iterations and 0.02 seconds (0.02 work units)
Optimal objective 1.34650000e+03

Crossover log...

      26 DPushes remaining with DInf 0.0000000e+00                 0s
       0 DPushes remaining with DInf 0.0000000e+00                 0s

       0 PPushes remaining with PInf 0.0000000e+00                 0s

  Push phase complete: Pinf 0.0000000e+00, Dinf 3.0531133e-15      0s

      29    1.3465000e+03   0.000000e+00   0.000000e+00      0s

Solved in 29 iterations and 0.02 seconds (0.02 work units)
Optimal objective  1.346500000e+03

User-callback calls 126, time in user-callback 0.00 sec
Gurobi Optimizer version 10.0.1 build v10.0.1rc0 (mac64[x86])

CPU model: Intel(R) Core(TM) i5-1038NG7 CPU @ 2.00GHz
Thread count: 4 physical cores, 8 logical processors, using up to 8 threads

Academic license - for non-commercial use only - registered to joel.steiner@unifr.ch
Optimize a model with 41 rows, 2758 columns and 20936 nonzeros
Coefficient statistics:
  Matrix range     [1e+00, 1e+00]
  Objective range  [1e+01, 2e+03]
  Bounds range     [1e+00, 1e+00]
  RHS range        [1e+00, 1e+00]
LP warm-start: discard basis
Presolve removed 2 rows and 0 columns
Presolve time: 0.01s
Presolved: 39 rows, 2758 columns, 20366 nonzeros

Ordering time: 0.00s

Barrier statistics:
 AA' NZ     : 6.880e+02
 Factor NZ  : 7.800e+02 (roughly 1 MB of memory)
 Factor Ops : 2.054e+04 (less than 1 second per iteration)
 Threads    : 1

                  Objective                Residual
Iter       Primal          Dual         Primal    Dual     Compl     Time
   0   1.96049132e+05  0.00000000e+00  1.16e+02 0.00e+00  1.85e-01     0s
   1   3.25704852e+04 -5.32019221e+02  1.73e+01 2.65e-01  2.88e-02     0s
   2   2.89458419e+03 -7.67465573e+01  3.23e-01 3.39e-02  2.17e-03     0s
   3   1.98186336e+03  1.26683674e+03  3.81e-02 6.28e-03  4.90e-04     0s
   4   1.56519576e+03  1.27477850e+03  5.25e-03 4.52e-03  2.06e-04     0s
   5   1.42429203e+03  1.32607307e+03  1.26e-03 1.27e-03  6.98e-05     0s
   6   1.35987670e+03  1.33843756e+03  1.18e-04 4.54e-04  1.55e-05     0s
   7   1.34868013e+03  1.34623978e+03  1.41e-05 1.63e-05  1.73e-06     0s
   8   1.34650817e+03  1.34649790e+03  5.69e-08 8.88e-08  7.32e-09     0s
   9   1.34650000e+03  1.34650000e+03  2.11e-12 1.08e-13  8.71e-15     0s

Barrier solved model in 9 iterations and 0.02 seconds (0.02 work units)
Optimal objective 1.34650000e+03

Crossover log...

      26 DPushes remaining with DInf 0.0000000e+00                 0s
       0 DPushes remaining with DInf 0.0000000e+00                 0s

       0 PPushes remaining with PInf 0.0000000e+00                 0s

  Push phase complete: Pinf 0.0000000e+00, Dinf 2.4424907e-15      0s

      29    1.3465000e+03   0.000000e+00   0.000000e+00      0s

Solved in 29 iterations and 0.02 seconds (0.02 work units)
Optimal objective  1.346500000e+03

User-callback calls 126, time in user-callback 0.00 sec
Gurobi Optimizer version 10.0.1 build v10.0.1rc0 (mac64[x86])

CPU model: Intel(R) Core(TM) i5-1038NG7 CPU @ 2.00GHz
Thread count: 4 physical cores, 8 logical processors, using up to 8 threads

Academic license - for non-commercial use only - registered to joel.steiner@unifr.ch
Optimize a model with 41 rows, 2775 columns and 21063 nonzeros
Coefficient statistics:
  Matrix range     [1e+00, 1e+00]
  Objective range  [1e+01, 2e+03]
  Bounds range     [1e+00, 1e+00]
  RHS range        [1e+00, 1e+00]
LP warm-start: discard basis
Presolve removed 2 rows and 0 columns
Presolve time: 0.01s
Presolved: 39 rows, 2775 columns, 20490 nonzeros

Ordering time: 0.00s

Barrier statistics:
 AA' NZ     : 6.880e+02
 Factor NZ  : 7.800e+02 (roughly 1 MB of memory)
 Factor Ops : 2.054e+04 (less than 1 second per iteration)
 Threads    : 1

                  Objective                Residual
Iter       Primal          Dual         Primal    Dual     Compl     Time
   0   1.96681612e+05  0.00000000e+00  1.18e+02 0.00e+00  1.84e-01     0s
   1   3.25969193e+04 -5.33485788e+02  1.75e+01 2.55e-01  2.86e-02     0s
   2   2.88811379e+03 -8.08468616e+01  3.24e-01 3.54e-02  2.16e-03     0s
   3   1.97904131e+03  1.26401306e+03  3.82e-02 6.22e-03  4.87e-04     0s
   4   1.59295620e+03  1.27283029e+03  6.07e-03 5.02e-03  2.26e-04     0s
   5   1.42675508e+03  1.31986602e+03  9.80e-04 1.92e-03  7.64e-05     0s
   6   1.37088828e+03  1.34239027e+03  2.01e-04 3.02e-04  2.02e-05     0s
   7   1.35248384e+03  1.34613415e+03  4.81e-05 2.81e-05  4.46e-06     0s
   8   1.34651499e+03  1.34649540e+03  9.65e-08 2.77e-07  1.40e-08     0s
   9   1.34650000e+03  1.34650000e+03  4.50e-12 8.55e-13  5.35e-14     0s

Barrier solved model in 9 iterations and 0.02 seconds (0.02 work units)
Optimal objective 1.34650000e+03

Crossover log...

      25 DPushes remaining with DInf 0.0000000e+00                 0s
       0 DPushes remaining with DInf 0.0000000e+00                 0s

       1 PPushes remaining with PInf 0.0000000e+00                 0s
       0 PPushes remaining with PInf 0.0000000e+00                 0s

  Push phase complete: Pinf 0.0000000e+00, Dinf 4.1633363e-15      0s

      29    1.3465000e+03   0.000000e+00   0.000000e+00      0s

Solved in 29 iterations and 0.03 seconds (0.02 work units)
Optimal objective  1.346500000e+03

User-callback calls 127, time in user-callback 0.00 sec
Gurobi Optimizer version 10.0.1 build v10.0.1rc0 (mac64[x86])

CPU model: Intel(R) Core(TM) i5-1038NG7 CPU @ 2.00GHz
Thread count: 4 physical cores, 8 logical processors, using up to 8 threads

Academic license - for non-commercial use only - registered to joel.steiner@unifr.ch
Optimize a model with 41 rows, 2784 columns and 21134 nonzeros
Coefficient statistics:
  Matrix range     [1e+00, 1e+00]
  Objective range  [1e+01, 2e+03]
  Bounds range     [1e+00, 1e+00]
  RHS range        [1e+00, 1e+00]
LP warm-start: discard basis
Presolve removed 2 rows and 0 columns
Presolve time: 0.01s
Presolved: 39 rows, 2784 columns, 20560 nonzeros

Ordering time: 0.00s

Barrier statistics:
 AA' NZ     : 6.880e+02
 Factor NZ  : 7.800e+02 (roughly 1 MB of memory)
 Factor Ops : 2.054e+04 (less than 1 second per iteration)
 Threads    : 1

                  Objective                Residual
Iter       Primal          Dual         Primal    Dual     Compl     Time
   0   1.97018057e+05  0.00000000e+00  1.19e+02 0.00e+00  1.84e-01     0s
   1   3.27469991e+04 -5.32818676e+02  1.77e+01 2.50e-01  2.87e-02     0s
   2   2.86819124e+03 -8.29842283e+01  3.16e-01 3.49e-02  2.14e-03     0s
   3   1.95309152e+03  1.25302121e+03  2.99e-02 6.42e-03  4.80e-04     0s
   4   1.53274100e+03  1.30361407e+03  1.94e-03 3.03e-03  1.62e-04     0s
   5   1.39651053e+03  1.33762280e+03  2.77e-04 1.12e-03  4.21e-05     0s
   6   1.35288585e+03  1.34521550e+03  2.27e-05 6.91e-05  5.43e-06     0s
   7   1.34741643e+03  1.34635803e+03  2.82e-06 3.83e-06  7.44e-07     0s
   8   1.34650051e+03  1.34649957e+03  4.51e-10 5.53e-09  6.62e-10     0s
   9   1.34650000e+03  1.34650000e+03  2.58e-12 7.78e-14  1.79e-14     0s

Barrier solved model in 9 iterations and 0.02 seconds (0.02 work units)
Optimal objective 1.34650000e+03

Crossover log...

      25 DPushes remaining with DInf 0.0000000e+00                 0s
       0 DPushes remaining with DInf 0.0000000e+00                 0s

       1 PPushes remaining with PInf 0.0000000e+00                 0s
       0 PPushes remaining with PInf 0.0000000e+00                 0s

  Push phase complete: Pinf 0.0000000e+00, Dinf 4.9960036e-16      0s

      29    1.3465000e+03   0.000000e+00   0.000000e+00      0s

Solved in 29 iterations and 0.03 seconds (0.02 work units)
Optimal objective  1.346500000e+03

User-callback calls 127, time in user-callback 0.00 sec
Gurobi Optimizer version 10.0.1 build v10.0.1rc0 (mac64[x86])

CPU model: Intel(R) Core(TM) i5-1038NG7 CPU @ 2.00GHz
Thread count: 4 physical cores, 8 logical processors, using up to 8 threads

Academic license - for non-commercial use only - registered to joel.steiner@unifr.ch
Optimize a model with 41 rows, 2784 columns and 21134 nonzeros
Model fingerprint: 0xc156e63a
Variable types: 0 continuous, 2784 integer (2784 binary)
Coefficient statistics:
  Matrix range     [1e+00, 1e+00]
  Objective range  [1e+01, 2e+03]
  Bounds range     [1e+00, 1e+00]
  RHS range        [1e+00, 1e+00]
Presolve removed 0 rows and 35 columns
Presolve time: 0.08s
Presolved: 41 rows, 2749 columns, 20615 nonzeros
Variable types: 0 continuous, 2749 integer (2749 binary)
Found heuristic solution: objective 4736.0000000
Found heuristic solution: objective 2340.0000000
Root barrier log...

Ordering time: 0.00s

Barrier statistics:
 AA' NZ     : 6.910e+02
 Factor NZ  : 7.800e+02 (roughly 1 MB of memory)
 Factor Ops : 2.054e+04 (less than 1 second per iteration)
 Threads    : 1

                  Objective                Residual
Iter       Primal          Dual         Primal    Dual     Compl     Time
   0   4.03007236e+05 -2.92014279e+03  2.46e+02 0.00e+00  4.16e-01     0s
   1   7.14546313e+04 -1.13630419e+03  4.05e+01 1.01e-01  6.76e-02     0s
   2   2.57494196e+03 -6.25028732e+02  1.33e-01 1.78e-15  2.31e-03     0s
   3   1.99869626e+03  1.24702805e+03  5.76e-03 3.11e-15  5.31e-04     0s
   4   1.52974335e+03  1.29963632e+03  3.38e-04 1.78e-15  1.63e-04     0s
   5   1.41199227e+03  1.32945368e+03  6.49e-05 1.78e-15  5.86e-05     0s
   6   1.36554576e+03  1.33770404e+03  1.14e-05 1.78e-15  1.98e-05     0s
   7   1.34921211e+03  1.34554276e+03  6.19e-07 2.66e-15  2.61e-06     0s
   8   1.34659922e+03  1.34645497e+03  2.32e-08 1.78e-15  1.02e-07     0s
   9   1.34650001e+03  1.34650000e+03  3.30e-12 1.78e-15  8.76e-12     0s

Barrier solved model in 9 iterations and 0.10 seconds (0.11 work units)
Optimal objective 1.34650001e+03


Root relaxation: objective 1.346500e+03, 29 iterations, 0.02 seconds (0.02 work units)

    Nodes    |    Current Node    |     Objective Bounds      |     Work
 Expl Unexpl |  Obj  Depth IntInf | Incumbent    BestBd   Gap | It/Node Time

     0     0 1346.50000    0   12 2340.00000 1346.50000  42.5%     -    0s
H    0     0                    1612.0000000 1346.50000  16.5%     -    0s
H    0     0                    1357.0000000 1346.50000  0.77%     -    0s
H    0     0                    1355.0000000 1346.50000  0.63%     -    0s
H    0     0                    1349.0000000 1346.50000  0.19%     -    0s

Cutting planes:
  Clique: 1
  Zero half: 3

Explored 1 nodes (29 simplex iterations) in 0.14 seconds (0.13 work units)
Thread count was 8 (of 8 available processors)

Solution count 6: 1349 1355 1357 ... 4736

Optimal solution found (tolerance 1.00e-04)
Best objective 1.349000000000e+03, best bound 1.349000000000e+03, gap 0.0000%

User-callback calls 286, time in user-callback 0.00 sec

Gurobi 10.0.1 (mac64[x86]) logging started Di 27 Jun 21:03:56 2023

Set parameter LogFile to value "gurobi.log"

Gurobi 10.0.1 (mac64[x86]) logging started Di 27 Jun 21:03:57 2023

Set parameter LogFile to value "gurobi.log"
Gurobi Optimizer version 10.0.1 build v10.0.1rc0 (mac64[x86])

CPU model: Intel(R) Core(TM) i5-1038NG7 CPU @ 2.00GHz
Thread count: 4 physical cores, 8 logical processors, using up to 8 threads

Academic license - for non-commercial use only - registered to joel.steiner@unifr.ch
Optimize a model with 41 rows, 2062 columns and 14642 nonzeros
Model fingerprint: 0x5c1a5307
Coefficient statistics:
  Matrix range     [1e+00, 1e+00]
  Objective range  [1e+01, 2e+03]
  Bounds range     [1e+00, 1e+00]
  RHS range        [1e+00, 1e+00]
Presolve removed 2 rows and 0 columns
Presolve time: 0.01s
Presolved: 39 rows, 2062 columns, 14164 nonzeros

Iteration    Objective       Primal Inf.    Dual Inf.      Time
       0    2.6500000e+02   2.100000e+01   0.000000e+00      0s
     103    2.1880000e+03   0.000000e+00   0.000000e+00      0s

Solved in 103 iterations and 0.01 seconds (0.01 work units)
Optimal objective  2.188000000e+03

User-callback calls 162, time in user-callback 0.00 sec
Set parameter Method to value 2
Gurobi Optimizer version 10.0.1 build v10.0.1rc0 (mac64[x86])

CPU model: Intel(R) Core(TM) i5-1038NG7 CPU @ 2.00GHz
Thread count: 4 physical cores, 8 logical processors, using up to 8 threads

Academic license - for non-commercial use only - registered to joel.steiner@unifr.ch
Optimize a model with 41 rows, 2564 columns and 19291 nonzeros
Coefficient statistics:
  Matrix range     [1e+00, 1e+00]
  Objective range  [1e+01, 2e+03]
  Bounds range     [1e+00, 1e+00]
  RHS range        [1e+00, 1e+00]
LP warm-start: discard basis
Presolve removed 2 rows and 0 columns
Presolve time: 0.01s
Presolved: 39 rows, 2564 columns, 18707 nonzeros

Ordering time: 0.00s

Barrier statistics:
 AA' NZ     : 6.990e+02
 Factor NZ  : 7.800e+02 (roughly 1 MB of memory)
 Factor Ops : 2.054e+04 (less than 1 second per iteration)
 Threads    : 1

                  Objective                Residual
Iter       Primal          Dual         Primal    Dual     Compl     Time
   0   2.22720712e+05  0.00000000e+00  1.24e+02 0.00e+00  2.10e-01     0s
   1   3.20607317e+04 -4.65371624e+02  1.55e+01 1.55e-01  2.83e-02     0s
   2   4.55468311e+03  4.11007972e+02  7.50e-01 2.96e-02  3.17e-03     0s
   3   2.80804394e+03  1.78593013e+03  3.06e-02 6.86e-03  7.66e-04     0s
   4   2.28233629e+03  1.83568653e+03  1.67e-03 4.88e-03  3.43e-04     0s
   5   2.19220029e+03  1.95784382e+03  1.05e-03 2.67e-04  1.79e-04     0s
   6   2.07818533e+03  1.97378412e+03  3.92e-04 4.94e-04  7.97e-05     0s
   7   2.01251296e+03  1.98899069e+03  5.34e-05 1.40e-04  1.80e-05     0s
   8   2.00772650e+03  1.99658841e+03  3.48e-05 1.22e-05  8.48e-06     0s
   9   1.99891695e+03  1.99755513e+03  2.89e-06 4.05e-06  1.04e-06     0s
  10   1.99801860e+03  1.99798797e+03  4.56e-08 8.44e-08  2.34e-08     0s
  11   1.99800000e+03  1.99800000e+03  2.66e-12 1.90e-13  7.75e-13     0s

Barrier solved model in 11 iterations and 0.02 seconds (0.02 work units)
Optimal objective 1.99800000e+03

Crossover log...

      17 DPushes remaining with DInf 0.0000000e+00                 0s
       0 DPushes remaining with DInf 0.0000000e+00                 0s

       6 PPushes remaining with PInf 0.0000000e+00                 0s
       0 PPushes remaining with PInf 0.0000000e+00                 0s

  Push phase complete: Pinf 0.0000000e+00, Dinf 1.1546319e-14      0s

      26    1.9980000e+03   0.000000e+00   0.000000e+00      0s

Solved in 26 iterations and 0.02 seconds (0.02 work units)
Optimal objective  1.998000000e+03

User-callback calls 128, time in user-callback 0.00 sec
Gurobi Optimizer version 10.0.1 build v10.0.1rc0 (mac64[x86])

CPU model: Intel(R) Core(TM) i5-1038NG7 CPU @ 2.00GHz
Thread count: 4 physical cores, 8 logical processors, using up to 8 threads

Academic license - for non-commercial use only - registered to joel.steiner@unifr.ch
Optimize a model with 41 rows, 3102 columns and 23843 nonzeros
Coefficient statistics:
  Matrix range     [1e+00, 1e+00]
  Objective range  [8e+00, 2e+03]
  Bounds range     [1e+00, 1e+00]
  RHS range        [1e+00, 1e+00]
LP warm-start: discard basis
Presolve removed 2 rows and 0 columns
Presolve time: 0.01s
Presolved: 39 rows, 3102 columns, 23153 nonzeros

Ordering time: 0.00s

Barrier statistics:
 AA' NZ     : 7.060e+02
 Factor NZ  : 7.800e+02 (roughly 1 MB of memory)
 Factor Ops : 2.054e+04 (less than 1 second per iteration)
 Threads    : 1

                  Objective                Residual
Iter       Primal          Dual         Primal    Dual     Compl     Time
   0   2.68254530e+05  0.00000000e+00  1.55e+02 0.00e+00  4.18e-01     0s
   1   3.82499266e+04 -4.70728713e+02  1.97e+01 2.40e-01  5.61e-02     0s
   2   3.93392681e+03  2.75742744e+02  5.51e-01 3.80e-02  4.67e-03     0s
   3   2.50083593e+03  1.70383964e+03  4.57e-14 7.03e-03  1.01e-03     0s
   4   2.29450173e+03  1.81516491e+03  1.15e-14 2.11e-03  6.08e-04     0s
   5   2.19778556e+03  1.86189387e+03  7.33e-15 7.77e-04  4.25e-04     0s
   6   2.12859001e+03  1.86702644e+03  1.13e-14 3.72e-04  3.31e-04     0s
   7   2.01762927e+03  1.89202348e+03  5.63e-14 1.52e-04  1.59e-04     0s
   8   1.94878581e+03  1.90146414e+03  9.91e-14 1.94e-04  5.99e-05     0s
   9   1.91548142e+03  1.90998469e+03  2.01e-14 4.57e-05  6.97e-06     0s
  10   1.91163341e+03  1.91128125e+03  1.47e-12 7.64e-06  4.51e-07     0s
  11   1.91150138e+03  1.91149764e+03  1.02e-12 3.72e-08  4.76e-09     0s
  12   1.91150000e+03  1.91150000e+03  5.56e-13 3.55e-15  4.76e-12     0s

Barrier solved model in 12 iterations and 0.03 seconds (0.02 work units)
Optimal objective 1.91150000e+03

Crossover log...

      22 DPushes remaining with DInf 0.0000000e+00                 0s
       0 DPushes remaining with DInf 0.0000000e+00                 0s

       4 PPushes remaining with PInf 0.0000000e+00                 0s
       0 PPushes remaining with PInf 0.0000000e+00                 0s

  Push phase complete: Pinf 0.0000000e+00, Dinf 0.0000000e+00      0s

      29    1.9115000e+03   0.000000e+00   0.000000e+00      0s

Solved in 29 iterations and 0.03 seconds (0.02 work units)
Optimal objective  1.911500000e+03

User-callback calls 134, time in user-callback 0.00 sec
Gurobi Optimizer version 10.0.1 build v10.0.1rc0 (mac64[x86])

CPU model: Intel(R) Core(TM) i5-1038NG7 CPU @ 2.00GHz
Thread count: 4 physical cores, 8 logical processors, using up to 8 threads

Academic license - for non-commercial use only - registered to joel.steiner@unifr.ch
Optimize a model with 41 rows, 3771 columns and 29613 nonzeros
Coefficient statistics:
  Matrix range     [1e+00, 1e+00]
  Objective range  [8e+00, 2e+03]
  Bounds range     [1e+00, 1e+00]
  RHS range        [1e+00, 1e+00]
LP warm-start: discard basis
Presolve removed 2 rows and 0 columns
Presolve time: 0.02s
Presolved: 39 rows, 3771 columns, 28784 nonzeros

Ordering time: 0.00s

Barrier statistics:
 AA' NZ     : 7.060e+02
 Factor NZ  : 7.800e+02 (roughly 2 MB of memory)
 Factor Ops : 2.054e+04 (less than 1 second per iteration)
 Threads    : 1

                  Objective                Residual
Iter       Primal          Dual         Primal    Dual     Compl     Time
   0   3.28318230e+05  0.00000000e+00  1.77e+02 0.00e+00  4.19e-01     0s
   1   4.47080846e+04 -5.28004285e+02  2.18e+01 3.51e-02  5.36e-02     0s
   2   6.20134703e+03  1.12968545e+02  1.72e+00 3.75e-03  6.47e-03     0s
   3   2.61632359e+03  1.23923221e+03  3.08e-02 3.55e-15  1.41e-03     0s
   4   2.36227094e+03  1.64753613e+03  1.30e-02 3.55e-15  7.28e-04     0s
   5   2.12888132e+03  1.78270271e+03  5.38e-03 5.33e-15  3.53e-04     0s
   6   2.01639613e+03  1.79924351e+03  2.95e-03 3.55e-15  2.22e-04     0s
   7   1.93370247e+03  1.81839341e+03  1.40e-03 5.33e-15  1.18e-04     0s
   8   1.87950129e+03  1.83310109e+03  4.73e-04 3.55e-15  4.75e-05     0s
   9   1.84991339e+03  1.83848781e+03  7.25e-05 3.55e-15  1.18e-05     0s
  10   1.84182774e+03  1.84097281e+03  2.48e-06 1.48e-06  8.84e-07     0s
  11   1.84133484e+03  1.84133287e+03  4.91e-09 5.33e-15  2.04e-09     0s
  12   1.84133333e+03  1.84133333e+03  3.86e-13 5.33e-15  2.04e-12     0s

Barrier solved model in 12 iterations and 0.05 seconds (0.03 work units)
Optimal objective 1.84133333e+03

Crossover log...

      24 DPushes remaining with DInf 0.0000000e+00                 0s
       0 DPushes remaining with DInf 0.0000000e+00                 0s

       2 PPushes remaining with PInf 0.0000000e+00                 0s
       0 PPushes remaining with PInf 0.0000000e+00                 0s

  Push phase complete: Pinf 0.0000000e+00, Dinf 8.8817842e-15      0s

      29    1.8413333e+03   0.000000e+00   0.000000e+00      0s

Solved in 29 iterations and 0.05 seconds (0.03 work units)
Optimal objective  1.841333333e+03

User-callback calls 136, time in user-callback 0.00 sec
Gurobi Optimizer version 10.0.1 build v10.0.1rc0 (mac64[x86])

CPU model: Intel(R) Core(TM) i5-1038NG7 CPU @ 2.00GHz
Thread count: 4 physical cores, 8 logical processors, using up to 8 threads

Academic license - for non-commercial use only - registered to joel.steiner@unifr.ch
Optimize a model with 41 rows, 3977 columns and 31659 nonzeros
Coefficient statistics:
  Matrix range     [1e+00, 1e+00]
  Objective range  [8e+00, 2e+03]
  Bounds range     [1e+00, 1e+00]
  RHS range        [1e+00, 1e+00]
LP warm-start: discard basis
Presolve removed 2 rows and 0 columns
Presolve time: 0.01s
Presolved: 39 rows, 3977 columns, 30807 nonzeros

Ordering time: 0.00s

Barrier statistics:
 AA' NZ     : 7.070e+02
 Factor NZ  : 7.800e+02 (roughly 2 MB of memory)
 Factor Ops : 2.054e+04 (less than 1 second per iteration)
 Threads    : 1

                  Objective                Residual
Iter       Primal          Dual         Primal    Dual     Compl     Time
   0   3.48959608e+05  0.00000000e+00  1.93e+02 0.00e+00  4.22e-01     0s
   1   5.08737646e+04 -5.50570763e+02  2.57e+01 3.21e-01  5.84e-02     0s
   2   3.79817726e+03 -1.35627334e+02  5.27e-01 5.19e-02  3.98e-03     0s
   3   2.49234294e+03  1.51402651e+03  2.26e-02 1.19e-02  9.47e-04     0s
   4   2.04564231e+03  1.67785237e+03  4.31e-03 3.91e-03  3.60e-04     0s
   5   1.94429082e+03  1.69633154e+03  2.61e-03 2.58e-03  2.43e-04     0s
   6   1.83848073e+03  1.73237726e+03  1.05e-03 1.01e-03  1.04e-04     0s
   7   1.79140415e+03  1.73835317e+03  4.66e-04 6.87e-04  5.22e-05     0s
   8   1.75262188e+03  1.74541340e+03  4.34e-05 2.08e-04  7.21e-06     0s
   9   1.74800109e+03  1.74706929e+03  5.28e-06 2.77e-05  9.33e-07     0s
  10   1.74725229e+03  1.74724936e+03  1.59e-08 5.23e-08  2.90e-09     0s
  11   1.74725000e+03  1.74725000e+03  1.35e-12 3.55e-15  2.90e-12     0s

Barrier solved model in 11 iterations and 0.03 seconds (0.03 work units)
Optimal objective 1.74725000e+03

Crossover log...

      14 DPushes remaining with DInf 0.0000000e+00                 0s
       0 DPushes remaining with DInf 0.0000000e+00                 0s

       2 PPushes remaining with PInf 0.0000000e+00                 0s
       0 PPushes remaining with PInf 0.0000000e+00                 0s

  Push phase complete: Pinf 0.0000000e+00, Dinf 1.2656542e-14      0s

      19    1.7472500e+03   0.000000e+00   0.000000e+00      0s

Solved in 19 iterations and 0.03 seconds (0.03 work units)
Optimal objective  1.747250000e+03

User-callback calls 121, time in user-callback 0.00 sec
Gurobi Optimizer version 10.0.1 build v10.0.1rc0 (mac64[x86])

CPU model: Intel(R) Core(TM) i5-1038NG7 CPU @ 2.00GHz
Thread count: 4 physical cores, 8 logical processors, using up to 8 threads

Academic license - for non-commercial use only - registered to joel.steiner@unifr.ch
Optimize a model with 41 rows, 4101 columns and 32484 nonzeros
Coefficient statistics:
  Matrix range     [1e+00, 1e+00]
  Objective range  [8e+00, 2e+03]
  Bounds range     [1e+00, 1e+00]
  RHS range        [1e+00, 1e+00]
LP warm-start: discard basis
Presolve removed 2 rows and 0 columns
Presolve time: 0.01s
Presolved: 39 rows, 4101 columns, 31565 nonzeros

Ordering time: 0.00s

Barrier statistics:
 AA' NZ     : 7.060e+02
 Factor NZ  : 7.800e+02 (roughly 2 MB of memory)
 Factor Ops : 2.054e+04 (less than 1 second per iteration)
 Threads    : 1

                  Objective                Residual
Iter       Primal          Dual         Primal    Dual     Compl     Time
   0   3.56751858e+05  0.00000000e+00  1.99e+02 0.00e+00  4.20e-01     0s
   1   5.24850403e+04 -5.60022136e+02  2.71e+01 7.21e-01  5.96e-02     0s
   2   3.70345639e+03 -2.50094168e+02  5.74e-01 8.05e-02  3.93e-03     0s
   3   2.30173241e+03  1.35878716e+03  4.52e-02 1.70e-02  8.72e-04     0s
   4   1.88603265e+03  1.42904802e+03  1.33e-02 9.49e-03  4.31e-04     0s
   5   1.69231567e+03  1.52258215e+03  2.34e-03 3.40e-03  1.62e-04     0s
   6   1.59448820e+03  1.54808550e+03  3.78e-04 1.11e-03  4.48e-05     0s
   7   1.57417680e+03  1.55471612e+03  1.17e-04 5.88e-04  1.89e-05     0s
   8   1.56532607e+03  1.55921098e+03  3.31e-05 1.99e-04  5.96e-06     0s
   9   1.56172621e+03  1.56055425e+03  4.65e-06 5.58e-05  1.16e-06     0s
  10   1.56101521e+03  1.56098518e+03  3.97e-08 2.25e-06  3.05e-08     0s
  11   1.56100002e+03  1.56099998e+03  1.54e-11 7.11e-15  3.05e-11     0s
  12   1.56100000e+03  1.56100000e+03  7.65e-13 4.44e-15  4.53e-17     0s

Barrier solved model in 12 iterations and 0.03 seconds (0.03 work units)
Optimal objective 1.56100000e+03

Crossover log...

      14 DPushes remaining with DInf 0.0000000e+00                 0s
       0 DPushes remaining with DInf 0.0000000e+00                 0s

       4 PPushes remaining with PInf 0.0000000e+00                 0s
       0 PPushes remaining with PInf 0.0000000e+00                 0s

  Push phase complete: Pinf 0.0000000e+00, Dinf 7.6605389e-15      0s

      21    1.5610000e+03   0.000000e+00   0.000000e+00      0s

Solved in 21 iterations and 0.03 seconds (0.03 work units)
Optimal objective  1.561000000e+03

User-callback calls 125, time in user-callback 0.00 sec
Gurobi Optimizer version 10.0.1 build v10.0.1rc0 (mac64[x86])

CPU model: Intel(R) Core(TM) i5-1038NG7 CPU @ 2.00GHz
Thread count: 4 physical cores, 8 logical processors, using up to 8 threads

Academic license - for non-commercial use only - registered to joel.steiner@unifr.ch
Optimize a model with 41 rows, 4119 columns and 32627 nonzeros
Coefficient statistics:
  Matrix range     [1e+00, 1e+00]
  Objective range  [8e+00, 2e+03]
  Bounds range     [1e+00, 1e+00]
  RHS range        [1e+00, 1e+00]
LP warm-start: discard basis
Presolve removed 2 rows and 0 columns
Presolve time: 0.01s
Presolved: 39 rows, 4119 columns, 31628 nonzeros

Ordering time: 0.00s

Barrier statistics:
 AA' NZ     : 7.060e+02
 Factor NZ  : 7.800e+02 (roughly 2 MB of memory)
 Factor Ops : 2.054e+04 (less than 1 second per iteration)
 Threads    : 1

                  Objective                Residual
Iter       Primal          Dual         Primal    Dual     Compl     Time
   0   3.57882731e+05  0.00000000e+00  2.00e+02 0.00e+00  4.20e-01     0s
   1   5.25309738e+04 -5.85990237e+02  2.72e+01 5.97e-01  5.92e-02     0s
   2   4.16176496e+03 -2.62061933e+02  8.31e-01 8.16e-02  4.41e-03     0s
   3   2.31812064e+03  1.14712429e+03  5.40e-02 2.25e-02  1.09e-03     0s
   4   1.93296774e+03  1.47369654e+03  1.03e-02 7.96e-03  4.33e-04     0s
   5   1.70227481e+03  1.45388877e+03  3.15e-03 6.05e-03  2.38e-04     0s
   6   1.59432665e+03  1.50920058e+03  8.18e-04 2.35e-03  8.20e-05     0s
   7   1.55242314e+03  1.53149949e+03  9.91e-05 7.18e-04  2.04e-05     0s
   8   1.54812907e+03  1.53721952e+03  6.13e-05 2.44e-04  1.05e-05     0s
   9   1.54050349e+03  1.53960934e+03  2.39e-06 2.49e-05  8.65e-07     0s
  10   1.54000114e+03  1.53999992e+03  4.67e-09 4.84e-09  1.16e-09     0s
  11   1.54000000e+03  1.54000000e+03  1.88e-12 5.33e-15  1.16e-12     0s

Barrier solved model in 11 iterations and 0.03 seconds (0.03 work units)
Optimal objective 1.54000000e+03

Crossover log...

      22 DPushes remaining with DInf 0.0000000e+00                 0s
       0 DPushes remaining with DInf 0.0000000e+00                 0s

       3 PPushes remaining with PInf 0.0000000e+00                 0s
       0 PPushes remaining with PInf 0.0000000e+00                 0s

  Push phase complete: Pinf 0.0000000e+00, Dinf 4.2188475e-15      0s

      28    1.5400000e+03   0.000000e+00   0.000000e+00      0s

Solved in 28 iterations and 0.04 seconds (0.03 work units)
Optimal objective  1.540000000e+03

User-callback calls 132, time in user-callback 0.00 sec
Gurobi Optimizer version 10.0.1 build v10.0.1rc0 (mac64[x86])

CPU model: Intel(R) Core(TM) i5-1038NG7 CPU @ 2.00GHz
Thread count: 4 physical cores, 8 logical processors, using up to 8 threads

Academic license - for non-commercial use only - registered to joel.steiner@unifr.ch
Optimize a model with 41 rows, 4123 columns and 32642 nonzeros
Coefficient statistics:
  Matrix range     [1e+00, 1e+00]
  Objective range  [8e+00, 2e+03]
  Bounds range     [1e+00, 1e+00]
  RHS range        [1e+00, 1e+00]
LP warm-start: discard basis
Presolve removed 2 rows and 0 columns
Presolve time: 0.01s
Presolved: 39 rows, 4123 columns, 31681 nonzeros

Ordering time: 0.00s

Barrier statistics:
 AA' NZ     : 7.070e+02
 Factor NZ  : 7.800e+02 (roughly 2 MB of memory)
 Factor Ops : 2.054e+04 (less than 1 second per iteration)
 Threads    : 1

                  Objective                Residual
Iter       Primal          Dual         Primal    Dual     Compl     Time
   0   3.57981001e+05  0.00000000e+00  2.00e+02 0.00e+00  4.20e-01     0s
   1   5.30580868e+04 -5.87993102e+02  2.74e+01 6.02e-01  5.97e-02     0s
   2   3.46347338e+03 -2.69966631e+02  4.51e-01 8.20e-02  3.68e-03     0s
   3   2.32142359e+03  1.26858241e+03  5.28e-02 2.46e-02  9.75e-04     0s
   4   1.87754838e+03  1.45915795e+03  1.15e-02 9.42e-03  3.94e-04     0s
   5   1.66805370e+03  1.48924741e+03  2.65e-03 4.60e-03  1.71e-04     0s
   6   1.56357324e+03  1.52824777e+03  1.83e-04 8.66e-04  3.41e-05     0s
   7   1.54581808e+03  1.53328475e+03  4.39e-05 4.56e-04  1.23e-05     0s
   8   1.54124178e+03  1.53664342e+03  1.11e-05 2.11e-04  4.54e-06     0s
   9   1.53892037e+03  1.53738064e+03  4.02e-07 1.30e-04  1.58e-06     0s
  10   1.53810892e+03  1.53796073e+03  1.12e-08 8.40e-06  1.48e-07     0s
  11   1.53800011e+03  1.53799987e+03  3.07e-13 3.55e-15  2.32e-10     0s
  12   1.53800000e+03  1.53800000e+03  1.41e-12 5.33e-15  9.91e-15     0s

Barrier solved model in 12 iterations and 0.03 seconds (0.03 work units)
Optimal objective 1.53800000e+03

Crossover log...

      25 DPushes remaining with DInf 0.0000000e+00                 0s
       0 DPushes remaining with DInf 0.0000000e+00                 0s

       3 PPushes remaining with PInf 0.0000000e+00                 0s
       0 PPushes remaining with PInf 0.0000000e+00                 0s

  Push phase complete: Pinf 0.0000000e+00, Dinf 0.0000000e+00      0s

      31    1.5380000e+03   0.000000e+00   0.000000e+00      0s

Solved in 31 iterations and 0.04 seconds (0.03 work units)
Optimal objective  1.538000000e+03

User-callback calls 135, time in user-callback 0.00 sec
Gurobi Optimizer version 10.0.1 build v10.0.1rc0 (mac64[x86])

CPU model: Intel(R) Core(TM) i5-1038NG7 CPU @ 2.00GHz
Thread count: 4 physical cores, 8 logical processors, using up to 8 threads

Academic license - for non-commercial use only - registered to joel.steiner@unifr.ch
Optimize a model with 41 rows, 4123 columns and 32642 nonzeros
Model fingerprint: 0x6064a896
Variable types: 0 continuous, 4123 integer (4123 binary)
Coefficient statistics:
  Matrix range     [1e+00, 1e+00]
  Objective range  [8e+00, 2e+03]
  Bounds range     [1e+00, 1e+00]
  RHS range        [1e+00, 1e+00]
Presolve removed 0 rows and 34 columns
Presolve time: 0.09s
Presolved: 41 rows, 4089 columns, 32209 nonzeros
Variable types: 0 continuous, 4089 integer (4089 binary)
Found heuristic solution: objective 2982.0000000
Root barrier log...

Ordering time: 0.00s

Barrier statistics:
 AA' NZ     : 7.070e+02
 Factor NZ  : 7.800e+02 (roughly 2 MB of memory)
 Factor Ops : 2.054e+04 (less than 1 second per iteration)
 Threads    : 1

                  Objective                Residual
Iter       Primal          Dual         Primal    Dual     Compl     Time
   0   3.53074944e+05  0.00000000e+00  1.97e+02 0.00e+00  4.18e-01     0s
   1   5.22851904e+04 -6.00529003e+02  2.70e+01 5.66e-01  5.93e-02     0s
   2   4.14548340e+03 -2.66326789e+02  8.19e-01 7.86e-02  4.42e-03     0s
   3   2.34700129e+03  1.23451616e+03  7.72e-02 2.05e-02  1.02e-03     0s
   4   1.92116956e+03  1.45171838e+03  2.14e-02 6.81e-03  4.35e-04     0s
   5   1.68956411e+03  1.50662010e+03  2.73e-03 3.36e-03  1.76e-04     0s
   6   1.64194362e+03  1.51329713e+03  1.73e-03 2.11e-03  1.23e-04     0s
   7   1.63573093e+03  1.51896384e+03  1.59e-03 1.87e-03  1.12e-04     0s
   8   1.59415193e+03  1.53125759e+03  8.46e-04 7.09e-04  5.99e-05     0s
   9   1.55680259e+03  1.53513993e+03  2.64e-04 2.92e-04  2.07e-05     0s
  10   1.54124605e+03  1.53594460e+03  3.66e-05 2.17e-04  5.23e-06     0s
  11   1.53846025e+03  1.53792991e+03  1.02e-06 8.19e-06  5.13e-07     0s
  12   1.53800409e+03  1.53799349e+03  4.09e-10 1.85e-08  1.01e-08     0s
  13   1.53800003e+03  1.53799999e+03  2.08e-10 3.55e-15  3.87e-11     0s
  14   1.53800000e+03  1.53800000e+03  1.40e-12 5.33e-15  1.59e-16     0s

Barrier solved model in 14 iterations and 0.15 seconds (0.14 work units)
Optimal objective 1.53800000e+03


Root relaxation: objective 1.538000e+03, 31 iterations, 0.05 seconds (0.03 work units)

    Nodes    |    Current Node    |     Objective Bounds      |     Work
 Expl Unexpl |  Obj  Depth IntInf | Incumbent    BestBd   Gap | It/Node Time

     0     0 1538.00000    0   11 2982.00000 1538.00000  48.4%     -    0s
H    0     0                    1798.0000000 1538.00000  14.5%     -    0s
*    0     0               0    1540.0000000 1540.00000  0.00%     -    0s

Cutting planes:
  Zero half: 4
  RLT: 2

Explored 1 nodes (44 simplex iterations) in 0.23 seconds (0.17 work units)
Thread count was 8 (of 8 available processors)

Solution count 3: 1540 1798 2982 

Optimal solution found (tolerance 1.00e-04)
Best objective 1.540000000000e+03, best bound 1.540000000000e+03, gap 0.0000%

User-callback calls 291, time in user-callback 0.00 sec
